<?xml version="1.0" encoding="UTF-8"?>
<!-- Generated by org.testng.reporters.JUnitReportReporter -->
<testsuite hostname="DESKTOP-671P6N6" failures="0" tests="1" name="com.ea.tests.tests.HomePageTest" time="6.596" errors="0" timestamp="2022-01-11T19:25:06 IST" skipped="0">
  <testcase classname="com.ea.tests.tests.HomePageTest" name="verifyLoginPageNavigation" time="6.596"/>
  <system-out/>
</testsuite> <!-- com.ea.tests.tests.HomePageTest -->
